This is pdfTeX, Version 3.141592653-2.6-1.40.24 (MiKTeX 23.1) (preloaded format=pdflatex 2023.2.18)  16 MAY 2023 15:25
entering extended mode
 restricted \write18 enabled.
 %&-line parsing enabled.
**./thesis_final_version.tex
(thesis_final_version.tex
LaTeX2e <2022-11-01> patch level 1
L3 programming layer <2023-02-02> (C:\Users\danie\AppData\Local\Programs\MiKTeX
\tex/latex/base\article.cls
Document Class: article 2022/07/02 v1.4n Standard LaTeX document class
(C:\Users\danie\AppData\Local\Programs\MiKTeX\tex/latex/base\size11.clo
File: size11.clo 2022/07/02 v1.4n Standard LaTeX file (size option)
)
\c@part=\count185
\c@section=\count186
\c@subsection=\count187
\c@subsubsection=\count188
\c@paragraph=\count189
\c@subparagraph=\count190
\c@figure=\count191
\c@table=\count192
\abovecaptionskip=\skip48
\belowcaptionskip=\skip49
\bibindent=\dimen140
) (C:\Users\danie\AppData\Local\Programs\MiKTeX\tex/latex/amsmath\amsmath.sty
Package: amsmath 2022/04/08 v2.17n AMS math features
\@mathmargin=\skip50
For additional information on amsmath, use the `?' option.
(C:\Users\danie\AppData\Local\Programs\MiKTeX\tex/latex/amsmath\amstext.sty
Package: amstext 2021/08/26 v2.01 AMS text
(C:\Users\danie\AppData\Local\Programs\MiKTeX\tex/latex/amsmath\amsgen.sty
File: amsgen.sty 1999/11/30 v2.0 generic functions
\@emptytoks=\toks16
\ex@=\dimen141
)) (C:\Users\danie\AppData\Local\Programs\MiKTeX\tex/latex/amsmath\amsbsy.sty
Package: amsbsy 1999/11/29 v1.2d Bold Symbols
\pmbraise@=\dimen142
) (C:\Users\danie\AppData\Local\Programs\MiKTeX\tex/latex/amsmath\amsopn.sty
Package: amsopn 2022/04/08 v2.04 operator names
)
\inf@bad=\count193
LaTeX Info: Redefining \frac on input line 234.
\uproot@=\count194
\leftroot@=\count195
LaTeX Info: Redefining \overline on input line 399.
LaTeX Info: Redefining \colon on input line 410.
\classnum@=\count196
\DOTSCASE@=\count197
LaTeX Info: Redefining \ldots on input line 496.
LaTeX Info: Redefining \dots on input line 499.
LaTeX Info: Redefining \cdots on input line 620.
\Mathstrutbox@=\box51
\strutbox@=\box52
LaTeX Info: Redefining \big on input line 722.
LaTeX Info: Redefining \Big on input line 723.
LaTeX Info: Redefining \bigg on input line 724.
LaTeX Info: Redefining \Bigg on input line 725.
\big@size=\dimen143
LaTeX Font Info:    Redeclaring font encoding OML on input line 743.
LaTeX Font Info:    Redeclaring font encoding OMS on input line 744.
\macc@depth=\count198
LaTeX Info: Redefining \bmod on input line 905.
LaTeX Info: Redefining \pmod on input line 910.
LaTeX Info: Redefining \smash on input line 940.
LaTeX Info: Redefining \relbar on input line 970.
LaTeX Info: Redefining \Relbar on input line 971.
\c@MaxMatrixCols=\count199
\dotsspace@=\muskip16
\c@parentequation=\count266
\dspbrk@lvl=\count267
\tag@help=\toks17
\row@=\count268
\column@=\count269
\maxfields@=\count270
\andhelp@=\toks18
\eqnshift@=\dimen144
\alignsep@=\dimen145
\tagshift@=\dimen146
\tagwidth@=\dimen147
\totwidth@=\dimen148
\lineht@=\dimen149
\@envbody=\toks19
\multlinegap=\skip51
\multlinetaggap=\skip52
\mathdisplay@stack=\toks20
LaTeX Info: Redefining \[ on input line 2953.
LaTeX Info: Redefining \] on input line 2954.
) (C:\Users\danie\AppData\Local\Programs\MiKTeX\tex/latex/amsfonts\amssymb.sty
Package: amssymb 2013/01/14 v3.01 AMS font symbols
(C:\Users\danie\AppData\Local\Programs\MiKTeX\tex/latex/amsfonts\amsfonts.sty
Package: amsfonts 2013/01/14 v3.01 Basic AMSFonts support
\symAMSa=\mathgroup4
\symAMSb=\mathgroup5
LaTeX Font Info:    Redeclaring math symbol \hbar on input line 98.
LaTeX Font Info:    Overwriting math alphabet `\mathfrak' in version `bold'
(Font)                  U/euf/m/n --> U/euf/b/n on input line 106.
)) (C:\Users\danie\AppData\Local\Programs\MiKTeX\tex/latex/lm\lmodern.sty
Package: lmodern 2015/05/01 v1.6.1 Latin Modern Fonts
LaTeX Font Info:    Overwriting symbol font `operators' in version `normal'
(Font)                  OT1/cmr/m/n --> OT1/lmr/m/n on input line 22.
LaTeX Font Info:    Overwriting symbol font `letters' in version `normal'
(Font)                  OML/cmm/m/it --> OML/lmm/m/it on input line 23.
LaTeX Font Info:    Overwriting symbol font `symbols' in version `normal'
(Font)                  OMS/cmsy/m/n --> OMS/lmsy/m/n on input line 24.
LaTeX Font Info:    Overwriting symbol font `largesymbols' in version `normal'
(Font)                  OMX/cmex/m/n --> OMX/lmex/m/n on input line 25.
LaTeX Font Info:    Overwriting symbol font `operators' in version `bold'
(Font)                  OT1/cmr/bx/n --> OT1/lmr/bx/n on input line 26.
LaTeX Font Info:    Overwriting symbol font `letters' in version `bold'
(Font)                  OML/cmm/b/it --> OML/lmm/b/it on input line 27.
LaTeX Font Info:    Overwriting symbol font `symbols' in version `bold'
(Font)                  OMS/cmsy/b/n --> OMS/lmsy/b/n on input line 28.
LaTeX Font Info:    Overwriting symbol font `largesymbols' in version `bold'
(Font)                  OMX/cmex/m/n --> OMX/lmex/m/n on input line 29.
LaTeX Font Info:    Overwriting math alphabet `\mathbf' in version `normal'
(Font)                  OT1/cmr/bx/n --> OT1/lmr/bx/n on input line 31.
LaTeX Font Info:    Overwriting math alphabet `\mathsf' in version `normal'
(Font)                  OT1/cmss/m/n --> OT1/lmss/m/n on input line 32.
LaTeX Font Info:    Overwriting math alphabet `\mathit' in version `normal'
(Font)                  OT1/cmr/m/it --> OT1/lmr/m/it on input line 33.
LaTeX Font Info:    Overwriting math alphabet `\mathtt' in version `normal'
(Font)                  OT1/cmtt/m/n --> OT1/lmtt/m/n on input line 34.
LaTeX Font Info:    Overwriting math alphabet `\mathbf' in version `bold'
(Font)                  OT1/cmr/bx/n --> OT1/lmr/bx/n on input line 35.
LaTeX Font Info:    Overwriting math alphabet `\mathsf' in version `bold'
(Font)                  OT1/cmss/bx/n --> OT1/lmss/bx/n on input line 36.
LaTeX Font Info:    Overwriting math alphabet `\mathit' in version `bold'
(Font)                  OT1/cmr/bx/it --> OT1/lmr/bx/it on input line 37.
LaTeX Font Info:    Overwriting math alphabet `\mathtt' in version `bold'
(Font)                  OT1/cmtt/m/n --> OT1/lmtt/m/n on input line 38.
) (C:\Users\danie\AppData\Local\Programs\MiKTeX\tex/generic/iftex\iftex.sty
Package: iftex 2022/02/03 v1.0f TeX engine tests
) (C:\Users\danie\AppData\Local\Programs\MiKTeX\tex/latex/base\fontenc.sty
Package: fontenc 2021/04/29 v2.0v Standard LaTeX package
LaTeX Font Info:    Trying to load font information for T1+lmr on input line 11
2.
(C:\Users\danie\AppData\Local\Programs\MiKTeX\tex/latex/lm\t1lmr.fd
File: t1lmr.fd 2015/05/01 v1.6.1 Font defs for Latin Modern
)) (C:\Users\danie\AppData\Local\Programs\MiKTeX\tex/latex/base\inputenc.sty
Package: inputenc 2021/02/14 v1.3d Input encoding file
\inpenc@prehook=\toks21
\inpenc@posthook=\toks22
) (C:\Users\danie\AppData\Local\Programs\MiKTeX\tex/latex/base\textcomp.sty
Package: textcomp 2020/02/02 v2.0n Standard LaTeX package
) (C:\Users\danie\AppData\Local\Programs\MiKTeX\tex/latex/upquote\upquote.sty
Package: upquote 2012/04/19 v1.3 upright-quote and grave-accent glyphs in verba
tim
)
(C:\Users\danie\AppData\Local\Programs\MiKTeX\tex/latex/microtype\microtype.sty
Package: microtype 2022/06/23 v3.0f Micro-typographical refinements (RS)
(C:\Users\danie\AppData\Local\Programs\MiKTeX\tex/latex/graphics\keyval.sty
Package: keyval 2022/05/29 v1.15 key=value parser (DPC)
\KV@toks@=\toks23
) (C:\Users\danie\AppData\Local\Programs\MiKTeX\tex/latex/etoolbox\etoolbox.sty
Package: etoolbox 2020/10/05 v2.5k e-TeX tools for LaTeX (JAW)
\etb@tempcnta=\count271
)
\MT@toks=\toks24
\MT@tempbox=\box53
\MT@count=\count272
LaTeX Info: Redefining \noprotrusionifhmode on input line 1045.
LaTeX Info: Redefining \leftprotrusion on input line 1046.
LaTeX Info: Redefining \rightprotrusion on input line 1056.
LaTeX Info: Redefining \textls on input line 1234.
\MT@outer@kern=\dimen150
LaTeX Info: Redefining \textmicrotypecontext on input line 1858.
\MT@listname@count=\count273

(C:\Users\danie\AppData\Local\Programs\MiKTeX\tex/latex/microtype\microtype-pdf
tex.def
File: microtype-pdftex.def 2022/06/23 v3.0f Definitions specific to pdftex (RS)

LaTeX Info: Redefining \lsstyle on input line 900.
LaTeX Info: Redefining \lslig on input line 900.
\MT@outer@space=\skip53
)
Package microtype Info: Loading configuration file microtype.cfg.

(C:\Users\danie\AppData\Local\Programs\MiKTeX\tex/latex/microtype\microtype.cfg
File: microtype.cfg 2022/06/23 v3.0f microtype main configuration file (RS)
)) (C:\Users\danie\AppData\Local\Programs\MiKTeX\tex/latex/xcolor\xcolor.sty
Package: xcolor 2022/06/12 v2.14 LaTeX color extensions (UK)
(C:\Users\danie\AppData\Local\Programs\MiKTeX\tex/latex/graphics-cfg\color.cfg
File: color.cfg 2016/01/02 v1.6 sample color configuration
)
Package xcolor Info: Driver file: pdftex.def on input line 227.

(C:\Users\danie\AppData\Local\Programs\MiKTeX\tex/latex/graphics-def\pdftex.def
File: pdftex.def 2022/09/22 v1.2b Graphics/color driver for pdftex
) (C:\Users\danie\AppData\Local\Programs\MiKTeX\tex/latex/graphics\mathcolor.lt
x)
Package xcolor Info: Model `cmy' substituted by `cmy0' on input line 1353.
Package xcolor Info: Model `hsb' substituted by `rgb' on input line 1357.
Package xcolor Info: Model `RGB' extended on input line 1369.
Package xcolor Info: Model `HTML' substituted by `rgb' on input line 1371.
Package xcolor Info: Model `Hsb' substituted by `hsb' on input line 1372.
Package xcolor Info: Model `tHsb' substituted by `hsb' on input line 1373.
Package xcolor Info: Model `HSB' substituted by `hsb' on input line 1374.
Package xcolor Info: Model `Gray' substituted by `gray' on input line 1375.
Package xcolor Info: Model `wave' substituted by `hsb' on input line 1376.
) (C:\Users\danie\AppData\Local\Programs\MiKTeX\tex/latex/geometry\geometry.sty
Package: geometry 2020/01/02 v5.9 Page Geometry
(C:\Users\danie\AppData\Local\Programs\MiKTeX\tex/generic/iftex\ifvtex.sty
Package: ifvtex 2019/10/25 v1.7 ifvtex legacy package. Use iftex instead.
)
\Gm@cnth=\count274
\Gm@cntv=\count275
\c@Gm@tempcnt=\count276
\Gm@bindingoffset=\dimen151
\Gm@wd@mp=\dimen152
\Gm@odd@mp=\dimen153
\Gm@even@mp=\dimen154
\Gm@layoutwidth=\dimen155
\Gm@layoutheight=\dimen156
\Gm@layouthoffset=\dimen157
\Gm@layoutvoffset=\dimen158
\Gm@dimlist=\toks25
(C:\Users\danie\AppData\Local\Programs\MiKTeX\tex/latex/geometry\geometry.cfg))
(C:\Users\danie\AppData\Local\Programs\MiKTeX\tex/latex/graphics\graphicx.sty
Package: graphicx 2021/09/16 v1.2d Enhanced LaTeX Graphics (DPC,SPQR)
(C:\Users\danie\AppData\Local\Programs\MiKTeX\tex/latex/graphics\graphics.sty
Package: graphics 2022/03/10 v1.4e Standard LaTeX Graphics (DPC,SPQR)
(C:\Users\danie\AppData\Local\Programs\MiKTeX\tex/latex/graphics\trig.sty
Package: trig 2021/08/11 v1.11 sin cos tan (DPC)
)
(C:\Users\danie\AppData\Local\Programs\MiKTeX\tex/latex/graphics-cfg\graphics.c
fg
File: graphics.cfg 2016/06/04 v1.11 sample graphics configuration
)
Package graphics Info: Driver file: pdftex.def on input line 107.
)
\Gin@req@height=\dimen159
\Gin@req@width=\dimen160
)
\cslhangindent=\skip54
\csllabelwidth=\skip55
\cslentryspacingunit=\skip56
(C:\Users\danie\AppData\Local\Programs\MiKTeX\tex/latex/tools\calc.sty
Package: calc 2017/05/25 v4.3 Infix arithmetic (KKT,FJ)
\calc@Acount=\count277
\calc@Bcount=\count278
\calc@Adimen=\dimen161
\calc@Bdimen=\dimen162
\calc@Askip=\skip57
\calc@Bskip=\skip58
LaTeX Info: Redefining \setlength on input line 80.
LaTeX Info: Redefining \addtolength on input line 81.
\calc@Ccount=\count279
\calc@Cskip=\skip59
) (C:\Users\danie\AppData\Local\Programs\MiKTeX\tex/latex/sectsty\sectsty.sty
Package: sectsty 2002/02/25 v2.0.2 Commands to change all sectional heading sty
les

LaTeX Warning: Command \underbar  has changed.
               Check if current package is valid.


LaTeX Warning: Command \underline  has changed.
               Check if current package is valid.

) (C:\Users\danie\AppData\Local\Programs\MiKTeX\tex/latex/setspace\setspace.sty
Package: setspace 2022/12/04 v6.7b set line spacing
) (C:\Users\danie\AppData\Local\Programs\MiKTeX\tex/latex/fancyhdr\fancyhdr.sty
Package: fancyhdr 2022/11/09 v4.1 Extensive control of page headers and footers

\f@nch@headwidth=\skip60
\f@nch@O@elh=\skip61
\f@nch@O@erh=\skip62
\f@nch@O@olh=\skip63
\f@nch@O@orh=\skip64
\f@nch@O@elf=\skip65
\f@nch@O@erf=\skip66
\f@nch@O@olf=\skip67
\f@nch@O@orf=\skip68
) (C:\Users\danie\AppData\Local\Programs\MiKTeX\tex/latex/graphics\lscape.sty
Package: lscape 2020/05/28 v3.02 Landscape Pages (DPC)
)
(C:\Users\danie\AppData\Local\Programs\MiKTeX\tex/latex/tocbibind\tocbibind.sty
Package: tocbibind 2010/10/13 v1.5k extra ToC listings
Package tocbibind Info: The document has section divisions on input line 50.

Package tocbibind Note: Using section or other style headings.

) (C:\Users\danie\AppData\Local\Programs\MiKTeX\tex/latex/booktabs\booktabs.sty
Package: booktabs 2020/01/12 v1.61803398 Publication quality tables
\heavyrulewidth=\dimen163
\lightrulewidth=\dimen164
\cmidrulewidth=\dimen165
\belowrulesep=\dimen166
\belowbottomsep=\dimen167
\aboverulesep=\dimen168
\abovetopsep=\dimen169
\cmidrulesep=\dimen170
\cmidrulekern=\dimen171
\defaultaddspace=\dimen172
\@cmidla=\count280
\@cmidlb=\count281
\@aboverulesep=\dimen173
\@belowrulesep=\dimen174
\@thisruleclass=\count282
\@lastruleclass=\count283
\@thisrulewidth=\dimen175
) (C:\Users\danie\AppData\Local\Programs\MiKTeX\tex/latex/tools\longtable.sty
Package: longtable 2021-09-01 v4.17 Multi-page Table package (DPC)
\LTleft=\skip69
\LTright=\skip70
\LTpre=\skip71
\LTpost=\skip72
\LTchunksize=\count284
\LTcapwidth=\dimen176
\LT@head=\box54
\LT@firsthead=\box55
\LT@foot=\box56
\LT@lastfoot=\box57
\LT@gbox=\box58
\LT@cols=\count285
\LT@rows=\count286
\c@LT@tables=\count287
\c@LT@chunks=\count288
\LT@p@ftn=\toks26
) (C:\Users\danie\AppData\Local\Programs\MiKTeX\tex/latex/tools\array.sty
Package: array 2022/03/10 v2.5f Tabular extension package (FMi)
\col@sep=\dimen177
\ar@mcellbox=\box59
\extrarowheight=\dimen178
\NC@list=\toks27
\extratabsurround=\skip73
\backup@length=\skip74
\ar@cellbox=\box60
) (C:\Users\danie\AppData\Local\Programs\MiKTeX\tex/latex/multirow\multirow.sty
Package: multirow 2021/03/15 v2.8 Span multiple rows of a table
\multirow@colwidth=\skip75
\multirow@cntb=\count289
\multirow@dima=\skip76
\bigstrutjot=\dimen179
) (C:\Users\danie\AppData\Local\Programs\MiKTeX\tex/latex/wrapfig\wrapfig.sty
\wrapoverhang=\dimen180
\WF@size=\dimen181
\c@WF@wrappedlines=\count290
\WF@box=\box61
\WF@everypar=\toks28
Package: wrapfig 2003/01/31  v 3.6
) (C:\Users\danie\AppData\Local\Programs\MiKTeX\tex/latex/float\float.sty
Package: float 2001/11/08 v1.3d Float enhancements (AL)
\c@float@type=\count291
\float@exts=\toks29
\float@box=\box62
\@float@everytoks=\toks30
\@floatcapt=\box63
) (C:\Users\danie\AppData\Local\Programs\MiKTeX\tex/latex/colortbl\colortbl.sty
Package: colortbl 2022/06/20 v1.0f Color table columns (DPC)
\everycr=\toks31
\minrowclearance=\skip77
\rownum=\count292
)
(C:\Users\danie\AppData\Local\Programs\MiKTeX\tex/latex/pdflscape\pdflscape.sty
Package: pdflscape 2022-10-27 v0.13 Display of landscape pages in PDF

(C:\Users\danie\AppData\Local\Programs\MiKTeX\tex/latex/pdflscape\pdflscape-nom
etadata.sty
Package: pdflscape-nometadata 2022-10-28 v0.13 Display of landscape pages in PD
F (HO)
Package pdflscape Info: Auto-detected driver: pdftex on input line 81.
)) (C:\Users\danie\AppData\Local\Programs\MiKTeX\tex/latex/tabu\tabu.sty
Package: tabu 2019/01/11 v2.9 - flexible LaTeX tabulars (FC+tabu-fixed)
(C:\Users\danie\AppData\Local\Programs\MiKTeX\tex/latex/varwidth\varwidth.sty
Package: varwidth 2009/03/30 ver 0.92;  Variable-width minipages
\@vwid@box=\box64
\sift@deathcycles=\count293
\@vwid@loff=\dimen182
\@vwid@roff=\dimen183
)
\c@taburow=\count294
\tabu@nbcols=\count295
\tabu@cnt=\count296
\tabu@Xcol=\count297
\tabu@alloc=\count298
\tabu@nested=\count299
\tabu@target=\dimen184
\tabu@spreadtarget=\dimen185
\tabu@naturalX=\dimen186
\tabucolX=\dimen187
\tabu@Xsum=\dimen188
\extrarowdepth=\dimen189
\abovetabulinesep=\dimen190
\belowtabulinesep=\dimen191
\tabustrutrule=\dimen192
\tabu@thebody=\toks32
\tabu@footnotes=\toks33
\tabu@box=\box65
\tabu@arstrutbox=\box66
\tabu@hleads=\box67
\tabu@vleads=\box68
\tabu@cellskip=\skip78
)
(C:\Users\danie\AppData\Local\Programs\MiKTeX\tex/latex/threeparttable\threepar
ttable.sty
Package: threeparttable 2003/06/13  v 3.0
\@tempboxb=\box69
)
(C:\Users\danie\AppData\Local\Programs\MiKTeX\tex/latex/threeparttablex\threepa
rttablex.sty
Package: threeparttablex 2013/07/23 v0.3 by daleif
(C:\Users\danie\AppData\Local\Programs\MiKTeX\tex/latex/environ\environ.sty
Package: environ 2014/05/04 v0.3 A new way to define environments

(C:\Users\danie\AppData\Local\Programs\MiKTeX\tex/latex/trimspaces\trimspaces.s
ty
Package: trimspaces 2009/09/17 v1.1 Trim spaces around a token list
))
\TPTL@width=\skip79
) (C:\Users\danie\AppData\Local\Programs\MiKTeX\tex/latex/ulem\ulem.sty
\UL@box=\box70
\UL@hyphenbox=\box71
\UL@skip=\skip80
\UL@hook=\toks34
\UL@height=\dimen193
\UL@pe=\count300
\UL@pixel=\dimen194
\ULC@box=\box72
Package: ulem 2019/11/18
\ULdepth=\dimen195
) (C:\Users\danie\AppData\Local\Programs\MiKTeX\tex/latex/makecell\makecell.sty
Package: makecell 2009/08/03 V0.1e Managing of Tab Column Heads and Cells
\rotheadsize=\dimen196
\c@nlinenum=\count301
\TeXr@lab=\toks35
) (C:\Users\danie\AppData\Local\Programs\MiKTeX\tex/latex/caption\caption.sty
Package: caption 2022/03/01 v3.6b Customizing captions (AR)
(C:\Users\danie\AppData\Local\Programs\MiKTeX\tex/latex/caption\caption3.sty
Package: caption3 2022/03/17 v2.3b caption3 kernel (AR)
\caption@tempdima=\dimen197
\captionmargin=\dimen198
\caption@leftmargin=\dimen199
\caption@rightmargin=\dimen256
\caption@width=\dimen257
\caption@indent=\dimen258
\caption@parindent=\dimen259
\caption@hangindent=\dimen260
Package caption Info: Standard document class detected.
)
\c@caption@flags=\count302
\c@continuedfloat=\count303
Package caption Info: float package is loaded.
Package caption Info: longtable package is loaded.
(C:\Users\danie\AppData\Local\Programs\MiKTeX\tex/latex/caption\ltcaption.sty
Package: ltcaption 2021/01/08 v1.4c longtable captions (AR)
)
Package caption Info: threeparttable package is loaded.
Package caption Info: wrapfig package is loaded.
) (C:\Users\danie\AppData\Local\Programs\MiKTeX\tex/latex/bookmark\bookmark.sty
Package: bookmark 2020-11-06 v1.29 PDF bookmarks (HO)
(C:\Users\danie\AppData\Local\Programs\MiKTeX\tex/latex/hyperref\hyperref.sty
Package: hyperref 2022-11-13 v7.00u Hypertext links for LaTeX
(C:\Users\danie\AppData\Local\Programs\MiKTeX\tex/generic/ltxcmds\ltxcmds.sty
Package: ltxcmds 2020-05-10 v1.25 LaTeX kernel commands for general use (HO)
)
(C:\Users\danie\AppData\Local\Programs\MiKTeX\tex/generic/pdftexcmds\pdftexcmds
.sty
Package: pdftexcmds 2020-06-27 v0.33 Utility functions of pdfTeX for LuaTeX (HO
)

(C:\Users\danie\AppData\Local\Programs\MiKTeX\tex/generic/infwarerr\infwarerr.s
ty
Package: infwarerr 2019/12/03 v1.5 Providing info/warning/error messages (HO)
)
Package pdftexcmds Info: \pdf@primitive is available.
Package pdftexcmds Info: \pdf@ifprimitive is available.
Package pdftexcmds Info: \pdfdraftmode found.
)
(C:\Users\danie\AppData\Local\Programs\MiKTeX\tex/latex/kvsetkeys\kvsetkeys.sty
Package: kvsetkeys 2022-10-05 v1.19 Key value parser (HO)
)
(C:\Users\danie\AppData\Local\Programs\MiKTeX\tex/generic/kvdefinekeys\kvdefine
keys.sty
Package: kvdefinekeys 2019-12-19 v1.6 Define keys (HO)
)
(C:\Users\danie\AppData\Local\Programs\MiKTeX\tex/generic/pdfescape\pdfescape.s
ty
Package: pdfescape 2019/12/09 v1.15 Implements pdfTeX's escape features (HO)
) (C:\Users\danie\AppData\Local\Programs\MiKTeX\tex/latex/hycolor\hycolor.sty
Package: hycolor 2020-01-27 v1.10 Color options for hyperref/bookmark (HO)
)
(C:\Users\danie\AppData\Local\Programs\MiKTeX\tex/latex/letltxmacro\letltxmacro
.sty
Package: letltxmacro 2019/12/03 v1.6 Let assignment for LaTeX macros (HO)
) (C:\Users\danie\AppData\Local\Programs\MiKTeX\tex/latex/auxhook\auxhook.sty
Package: auxhook 2019-12-17 v1.6 Hooks for auxiliary files (HO)
) (C:\Users\danie\AppData\Local\Programs\MiKTeX\tex/latex/hyperref\nameref.sty
Package: nameref 2022-05-17 v2.50 Cross-referencing by name of section
(C:\Users\danie\AppData\Local\Programs\MiKTeX\tex/latex/refcount\refcount.sty
Package: refcount 2019/12/15 v3.6 Data extraction from label references (HO)
)
(C:\Users\danie\AppData\Local\Programs\MiKTeX\tex/generic/gettitlestring\gettit
lestring.sty
Package: gettitlestring 2019/12/15 v1.6 Cleanup title references (HO)

(C:\Users\danie\AppData\Local\Programs\MiKTeX\tex/latex/kvoptions\kvoptions.sty
Package: kvoptions 2022-06-15 v3.15 Key value format for package options (HO)
))
\c@section@level=\count304
)
\@linkdim=\dimen261
\Hy@linkcounter=\count305
\Hy@pagecounter=\count306
(C:\Users\danie\AppData\Local\Programs\MiKTeX\tex/latex/hyperref\pd1enc.def
File: pd1enc.def 2022-11-13 v7.00u Hyperref: PDFDocEncoding definition (HO)
Now handling font encoding PD1 ...
... no UTF-8 mapping file for font encoding PD1
) (C:\Users\danie\AppData\Local\Programs\MiKTeX\tex/generic/intcalc\intcalc.sty
Package: intcalc 2019/12/15 v1.3 Expandable calculations with integers (HO)
)
(C:\Users\danie\AppData\Local\Programs\MiKTeX\tex/generic/etexcmds\etexcmds.sty
Package: etexcmds 2019/12/15 v1.7 Avoid name clashes with e-TeX commands (HO)
)
\Hy@SavedSpaceFactor=\count307
(C:\Users\danie\AppData\Local\Programs\MiKTeX\tex/latex/hyperref\puenc.def
File: puenc.def 2022-11-13 v7.00u Hyperref: PDF Unicode definition (HO)
Now handling font encoding PU ...
... no UTF-8 mapping file for font encoding PU
)
Package hyperref Info: Option `unicode' set `true' on input line 4045.
Package hyperref Info: Hyper figures OFF on input line 4162.
Package hyperref Info: Link nesting OFF on input line 4167.
Package hyperref Info: Hyper index ON on input line 4170.
Package hyperref Info: Plain pages OFF on input line 4177.
Package hyperref Info: Backreferencing OFF on input line 4182.
Package hyperref Info: Implicit mode ON; LaTeX internals redefined.
Package hyperref Info: Bookmarks ON on input line 4410.
\c@Hy@tempcnt=\count308
(C:\Users\danie\AppData\Local\Programs\MiKTeX\tex/latex/url\url.sty
\Urlmuskip=\muskip17
Package: url 2013/09/16  ver 3.4  Verb mode for urls, etc.
)
LaTeX Info: Redefining \url on input line 4748.
\XeTeXLinkMargin=\dimen262
(C:\Users\danie\AppData\Local\Programs\MiKTeX\tex/generic/bitset\bitset.sty
Package: bitset 2019/12/09 v1.3 Handle bit-vector datatype (HO)

(C:\Users\danie\AppData\Local\Programs\MiKTeX\tex/generic/bigintcalc\bigintcalc
.sty
Package: bigintcalc 2019/12/15 v1.5 Expandable calculations on big integers (HO
)
))
\Fld@menulength=\count309
\Field@Width=\dimen263
\Fld@charsize=\dimen264
Package hyperref Info: Hyper figures OFF on input line 6027.
Package hyperref Info: Link nesting OFF on input line 6032.
Package hyperref Info: Hyper index ON on input line 6035.
Package hyperref Info: backreferencing OFF on input line 6042.
Package hyperref Info: Link coloring OFF on input line 6047.
Package hyperref Info: Link coloring with OCG OFF on input line 6052.
Package hyperref Info: PDF/A mode OFF on input line 6057.
(C:\Users\danie\AppData\Local\Programs\MiKTeX\tex/latex/base\atbegshi-ltx.sty
Package: atbegshi-ltx 2021/01/10 v1.0c Emulation of the original atbegshi
package with kernel methods
)
\Hy@abspage=\count310
\c@Item=\count311
\c@Hfootnote=\count312
)
Package hyperref Info: Driver (autodetected): hpdftex.
(C:\Users\danie\AppData\Local\Programs\MiKTeX\tex/latex/hyperref\hpdftex.def
File: hpdftex.def 2022-11-13 v7.00u Hyperref driver for pdfTeX
(C:\Users\danie\AppData\Local\Programs\MiKTeX\tex/latex/base\atveryend-ltx.sty
Package: atveryend-ltx 2020/08/19 v1.0a Emulation of the original atveryend pac
kage
with kernel methods
)
\Fld@listcount=\count313
\c@bookmark@seq@number=\count314

(C:\Users\danie\AppData\Local\Programs\MiKTeX\tex/latex/rerunfilecheck\rerunfil
echeck.sty
Package: rerunfilecheck 2022-07-10 v1.10 Rerun checks for auxiliary files (HO)

(C:\Users\danie\AppData\Local\Programs\MiKTeX\tex/generic/uniquecounter\uniquec
ounter.sty
Package: uniquecounter 2019/12/15 v1.4 Provide unlimited unique counter (HO)
)
Package uniquecounter Info: New unique counter `rerunfilecheck' on input line 2
85.
)
\Hy@SectionHShift=\skip81
)
(C:\Users\danie\AppData\Local\Programs\MiKTeX\tex/latex/bookmark\bkm-pdftex.def
File: bkm-pdftex.def 2020-11-06 v1.29 bookmark driver for pdfTeX (HO)
\BKM@id=\count315
)) (C:\Users\danie\AppData\Local\Programs\MiKTeX\tex/latex/xurl\xurl.sty
Package: xurl 2022/01/09 v 0.10 modify URL breaks
)
(C:\Users\danie\AppData\Local\Programs\MiKTeX\tex/latex/l3backend\l3backend-pdf
tex.def
File: l3backend-pdftex.def 2023-01-16 L3 backend support: PDF output (pdfTeX)
\l__color_backend_stack_int=\count316
\l__pdf_internal_box=\box73
) (thesis_final_version.aux)
\openout1 = `thesis_final_version.aux'.

LaTeX Font Info:    Checking defaults for OML/cmm/m/it on input line 105.
LaTeX Font Info:    ... okay on input line 105.
LaTeX Font Info:    Checking defaults for OMS/cmsy/m/n on input line 105.
LaTeX Font Info:    ... okay on input line 105.
LaTeX Font Info:    Checking defaults for OT1/cmr/m/n on input line 105.
LaTeX Font Info:    ... okay on input line 105.
LaTeX Font Info:    Checking defaults for T1/cmr/m/n on input line 105.
LaTeX Font Info:    ... okay on input line 105.
LaTeX Font Info:    Checking defaults for TS1/cmr/m/n on input line 105.
LaTeX Font Info:    ... okay on input line 105.
LaTeX Font Info:    Checking defaults for OMX/cmex/m/n on input line 105.
LaTeX Font Info:    ... okay on input line 105.
LaTeX Font Info:    Checking defaults for U/cmr/m/n on input line 105.
LaTeX Font Info:    ... okay on input line 105.
LaTeX Font Info:    Checking defaults for PD1/pdf/m/n on input line 105.
LaTeX Font Info:    ... okay on input line 105.
LaTeX Font Info:    Checking defaults for PU/pdf/m/n on input line 105.
LaTeX Font Info:    ... okay on input line 105.
LaTeX Info: Redefining \microtypecontext on input line 105.
Package microtype Info: Applying patch `item' on input line 105.
Package microtype Info: Applying patch `toc' on input line 105.
Package microtype Info: Applying patch `eqnum' on input line 105.
Package microtype Info: Applying patch `footnote' on input line 105.
Package microtype Info: Generating PDF output.
Package microtype Info: Character protrusion enabled (level 2).
Package microtype Info: Using protrusion set `basicmath'.
Package microtype Info: Automatic font expansion enabled (level 2),
(microtype)             stretch: 20, shrink: 20, step: 1, non-selected.
Package microtype Info: Using default expansion set `alltext-nott'.
LaTeX Info: Redefining \showhyphens on input line 105.
Package microtype Info: No adjustment of tracking.
Package microtype Info: No adjustment of interword spacing.
Package microtype Info: No adjustment of character kerning.
(C:\Users\danie\AppData\Local\Programs\MiKTeX\tex/latex/microtype\mt-cmr.cfg
File: mt-cmr.cfg 2013/05/19 v2.2 microtype config. file: Computer Modern Roman 
(RS)
)
(C:\Users\danie\AppData\Local\Programs\MiKTeX\tex/context/base/mkii\supp-pdf.mk
ii
[Loading MPS to PDF converter (version 2006.09.02).]
\scratchcounter=\count317
\scratchdimen=\dimen265
\scratchbox=\box74
\nofMPsegments=\count318
\nofMParguments=\count319
\everyMPshowfont=\toks36
\MPscratchCnt=\count320
\MPscratchDim=\dimen266
\MPnumerator=\count321
\makeMPintoPDFobject=\count322
\everyMPtoPDFconversion=\toks37
)
(C:\Users\danie\AppData\Local\Programs\MiKTeX\tex/latex/epstopdf-pkg\epstopdf-b
ase.sty
Package: epstopdf-base 2020-01-24 v2.11 Base part for package epstopdf
Package epstopdf-base Info: Redefining graphics rule for `.eps' on input line 4
85.

(C:\Users\danie\AppData\Local\Programs\MiKTeX\tex/latex/00miktex\epstopdf-sys.c
fg
File: epstopdf-sys.cfg 2021/03/18 v2.0 Configuration of epstopdf for MiKTeX
))
*geometry* driver: auto-detecting
*geometry* detected driver: pdftex
*geometry* verbose mode - [ preamble ] result:
* driver: pdftex
* paper: <default>
* layout: <same size as paper>
* layoutoffset:(h,v)=(0.0pt,0.0pt)
* modes: 
* h-part:(L,W,R)=(72.26999pt, 469.75502pt, 72.26999pt)
* v-part:(T,H,B)=(72.26999pt, 650.43001pt, 72.26999pt)
* \paperwidth=614.295pt
* \paperheight=794.96999pt
* \textwidth=469.75502pt
* \textheight=650.43001pt
* \oddsidemargin=0.0pt
* \evensidemargin=0.0pt
* \topmargin=-37.0pt
* \headheight=12.0pt
* \headsep=25.0pt
* \topskip=11.0pt
* \footskip=30.0pt
* \marginparwidth=59.0pt
* \marginparsep=10.0pt
* \columnsep=10.0pt
* \skip\footins=10.0pt plus 4.0pt minus 2.0pt
* \hoffset=0.0pt
* \voffset=0.0pt
* \mag=1000
* \@twocolumnfalse
* \@twosidefalse
* \@mparswitchfalse
* \@reversemarginfalse
* (1in=72.27pt=25.4mm, 1cm=28.453pt)

Package caption Info: Begin \AtBeginDocument code.
Package caption Info: hyperref package is loaded.
Package caption Info: End \AtBeginDocument code.
Package hyperref Info: Link coloring OFF on input line 105.
[1

{C:/Users/danie/AppData/Local/MiKTeX/fonts/map/pdftex/pdftex.map}]
LaTeX Font Info:    Trying to load font information for TS1+lmr on input line 1
59.
(C:\Users\danie\AppData\Local\Programs\MiKTeX\tex/latex/lm\ts1lmr.fd
File: ts1lmr.fd 2015/05/01 v1.6.1 Font defs for Latin Modern
) [2] [3] [4] (thesis_final_version.toc
LaTeX Font Info:    Trying to load font information for OT1+lmr on input line 1
1.
(C:\Users\danie\AppData\Local\Programs\MiKTeX\tex/latex/lm\ot1lmr.fd
File: ot1lmr.fd 2015/05/01 v1.6.1 Font defs for Latin Modern
)
LaTeX Font Info:    Trying to load font information for OML+lmm on input line 1
1.
(C:\Users\danie\AppData\Local\Programs\MiKTeX\tex/latex/lm\omllmm.fd
File: omllmm.fd 2015/05/01 v1.6.1 Font defs for Latin Modern
)
LaTeX Font Info:    Trying to load font information for OMS+lmsy on input line 
11.
(C:\Users\danie\AppData\Local\Programs\MiKTeX\tex/latex/lm\omslmsy.fd
File: omslmsy.fd 2015/05/01 v1.6.1 Font defs for Latin Modern
)
LaTeX Font Info:    Trying to load font information for OMX+lmex on input line 
11.
(C:\Users\danie\AppData\Local\Programs\MiKTeX\tex/latex/lm\omxlmex.fd
File: omxlmex.fd 2015/05/01 v1.6.1 Font defs for Latin Modern
)
LaTeX Font Info:    External font `lmex10' loaded for size
(Font)              <10.95> on input line 11.
LaTeX Font Info:    External font `lmex10' loaded for size
(Font)              <8> on input line 11.
LaTeX Font Info:    External font `lmex10' loaded for size
(Font)              <6> on input line 11.
LaTeX Font Info:    Trying to load font information for U+msa on input line 11.

(C:\Users\danie\AppData\Local\Programs\MiKTeX\tex/latex/amsfonts\umsa.fd
File: umsa.fd 2013/01/14 v3.01 AMS symbols A
) (C:\Users\danie\AppData\Local\Programs\MiKTeX\tex/latex/microtype\mt-msa.cfg
File: mt-msa.cfg 2006/02/04 v1.1 microtype config. file: AMS symbols (a) (RS)
)
LaTeX Font Info:    Trying to load font information for U+msb on input line 11.

(C:\Users\danie\AppData\Local\Programs\MiKTeX\tex/latex/amsfonts\umsb.fd
File: umsb.fd 2013/01/14 v3.01 AMS symbols B
) (C:\Users\danie\AppData\Local\Programs\MiKTeX\tex/latex/microtype\mt-msb.cfg
File: mt-msb.cfg 2005/06/01 v1.0 microtype config. file: AMS symbols (b) (RS)
) [5])
\tf@toc=\write3
\openout3 = `thesis_final_version.toc'.

[6] (thesis_final_version.lof)
\tf@lof=\write4
\openout4 = `thesis_final_version.lof'.

[7] (thesis_final_version.lot [8])
\tf@lot=\write5
\openout5 = `thesis_final_version.lot'.

[9] [10] [11] [12] [13] [14] [15] [16] [1

]
<thesis_final_version_files/figure-latex/figure_service_gap-1.pdf, id=373, 794.
97pt x 469.755pt>
File: thesis_final_version_files/figure-latex/figure_service_gap-1.pdf Graphic 
file (type pdf)
<use thesis_final_version_files/figure-latex/figure_service_gap-1.pdf>
Package pdftex.def Info: thesis_final_version_files/figure-latex/figure_service
_gap-1.pdf  used on input line 563.
(pdftex.def)             Requested size: 630.93068pt x 372.82268pt.
[2 <./thesis_final_version_files/figure-latex/figure_service_gap-1.pdf>] [3


]
<conceptual_framework_figure.png, id=387, 722.7pt x 542.025pt>
File: conceptual_framework_figure.png Graphic file (type png)
<use conceptual_framework_figure.png>
Package pdftex.def Info: conceptual_framework_figure.png  used on input line 63
3.
(pdftex.def)             Requested size: 446.27188pt x 334.7039pt.
[4] [5 <./conceptual_framework_figure.png>] [6] [7

] [8] [9] [10]
<table1_1.png, id=422, 469.755pt x 520.344pt>
File: table1_1.png Graphic file (type png)
<use table1_1.png>
Package pdftex.def Info: table1_1.png  used on input line 893.
(pdftex.def)             Requested size: 469.75386pt x 520.34271pt.
[11] [12 <./table1_1.png>] [13] [14] [15]
<table1_2.png, id=454, 722.7pt x 542.025pt>
File: table1_2.png Graphic file (type png)
<use table1_2.png>
Package pdftex.def Info: table1_2.png  used on input line 1002.
(pdftex.def)             Requested size: 620.09836pt x 465.07376pt.
[16

 <./table1_2.png>]
<table1_3.png, id=461, 505.89pt x 252.945pt>
File: table1_3.png Graphic file (type png)
<use table1_3.png>
Package pdftex.def Info: table1_3.png  used on input line 1049.
(pdftex.def)             Requested size: 469.76265pt x 234.88133pt.
[17

] [18 <./table1_3.png>]
<thesis_final_version_files/figure-latex/figure_dalys_nation-1.pdf, id=472, 989
.6975pt x 542.025pt>
File: thesis_final_version_files/figure-latex/figure_dalys_nation-1.pdf Graphic
 file (type pdf)
<use thesis_final_version_files/figure-latex/figure_dalys_nation-1.pdf>
Package pdftex.def Info: thesis_final_version_files/figure-latex/figure_dalys_n
ation-1.pdf  used on input line 1056.
(pdftex.def)             Requested size: 637.42125pt x 349.09479pt.
[19 <./thesis_final_version_files/figure-latex/figure_dalys_nation-1.pdf>]
<thesis_final_version_files/figure-latex/figure_gbd_adjusted-1.pdf, id=480, 794
.97pt x 794.97pt>
File: thesis_final_version_files/figure-latex/figure_gbd_adjusted-1.pdf Graphic
 file (type pdf)
<use thesis_final_version_files/figure-latex/figure_gbd_adjusted-1.pdf>
Package pdftex.def Info: thesis_final_version_files/figure-latex/figure_gbd_adj
usted-1.pdf  used on input line 1069.
(pdftex.def)             Requested size: 455.67284pt x 455.67284pt.
<thesis_final_version_files/figure-latex/figure_cost_by_region-1.pdf, id=481, 5
78.16pt x 433.62pt>
File: thesis_final_version_files/figure-latex/figure_cost_by_region-1.pdf Graph
ic file (type pdf)
<use thesis_final_version_files/figure-latex/figure_cost_by_region-1.pdf>
Package pdftex.def Info: thesis_final_version_files/figure-latex/figure_cost_by
_region-1.pdf  used on input line 1078.
(pdftex.def)             Requested size: 446.26086pt x 334.69565pt.
[20


] [21 <./thesis_final_version_files/figure-latex/figure_gbd_adjusted-1.pdf>] [2
2 <./thesis_final_version_files/figure-latex/figure_cost_by_region-1.pdf>] [23]
[24] [25] [26] [27

] [28] [29] [30] [31] [32] [33] [34] [35]
<thesis_final_version_files/figure-latex/figure_ecological_zone-1.pdf, id=579, 
578.16pt x 650.43pt>
File: thesis_final_version_files/figure-latex/figure_ecological_zone-1.pdf Grap
hic file (type pdf)
<use thesis_final_version_files/figure-latex/figure_ecological_zone-1.pdf>
Package pdftex.def Info: thesis_final_version_files/figure-latex/figure_ecologi
cal_zone-1.pdf  used on input line 1643.
(pdftex.def)             Requested size: 422.77669pt x 475.62378pt.
[36] [37 <./thesis_final_version_files/figure-latex/figure_ecological_zone-1.pd
f>]
<table2_1.png, id=597, 542.025pt x 476.982pt>
File: table2_1.png Graphic file (type png)
<use table2_1.png>
Package pdftex.def Info: table2_1.png  used on input line 1669.
(pdftex.def)             Requested size: 469.77148pt x 413.3989pt.
[38 <./table2_1.png>] [39] [40]
<thesis_final_version_files/figure-latex/figure_gps-1.pdf, id=620, 1156.32pt x 
722.7pt>
File: thesis_final_version_files/figure-latex/figure_gps-1.pdf Graphic file (ty
pe pdf)
<use thesis_final_version_files/figure-latex/figure_gps-1.pdf>
Package pdftex.def Info: thesis_final_version_files/figure-latex/figure_gps-1.p
df  used on input line 1735.
(pdftex.def)             Requested size: 650.4284pt x 406.51775pt.
[41 <./thesis_final_version_files/figure-latex/figure_gps-1.pdf>]
<thesis_final_version_files/figure-latex/figure_gps_climate-1.pdf, id=637, 433.
62pt x 542.025pt>
File: thesis_final_version_files/figure-latex/figure_gps_climate-1.pdf Graphic 
file (type pdf)
<use thesis_final_version_files/figure-latex/figure_gps_climate-1.pdf>
Package pdftex.def Info: thesis_final_version_files/figure-latex/figure_gps_cli
mate-1.pdf  used on input line 1746.
(pdftex.def)             Requested size: 422.80096pt x 528.50119pt.
<thesis_final_version_files/figure-latex/figure_climate_distribution-1.pdf, id=
638, 433.62pt x 542.025pt>
File: thesis_final_version_files/figure-latex/figure_climate_distribution-1.pdf
 Graphic file (type pdf)
<use thesis_final_version_files/figure-latex/figure_climate_distribution-1.pdf>

Package pdftex.def Info: thesis_final_version_files/figure-latex/figure_climate
_distribution-1.pdf  used on input line 1757.
(pdftex.def)             Requested size: 422.80096pt x 528.50119pt.
[42 <./thesis_final_version_files/figure-latex/figure_gps_climate-1.pdf>] [43 <
./thesis_final_version_files/figure-latex/figure_climate_distribution-1.pdf>]
<thesis_final_version_files/figure-latex/figure_cyclone-1.pdf, id=659, 578.16pt
 x 361.35pt>
File: thesis_final_version_files/figure-latex/figure_cyclone-1.pdf Graphic file
 (type pdf)
<use thesis_final_version_files/figure-latex/figure_cyclone-1.pdf>
Package pdftex.def Info: thesis_final_version_files/figure-latex/figure_cyclone
-1.pdf  used on input line 1770.
(pdftex.def)             Requested size: 578.15858pt x 361.34912pt.
[44 <./thesis_final_version_files/figure-latex/figure_cyclone-1.pdf>]
Underfull \hbox (badness 10000) in paragraph at lines 1817--1819

 []


Overfull \hbox (17.0pt too wide) in paragraph at lines 1816--1820
[]$[]$ 
 []

[45




]
<thesis_final_version_files/figure-latex/figure_marginal-1.pdf, id=673, 939.51p
t x 939.51pt>
File: thesis_final_version_files/figure-latex/figure_marginal-1.pdf Graphic fil
e (type pdf)
<use thesis_final_version_files/figure-latex/figure_marginal-1.pdf>
Package pdftex.def Info: thesis_final_version_files/figure-latex/figure_margina
l-1.pdf  used on input line 1863.
(pdftex.def)             Requested size: 446.25755pt x 446.25755pt.
<thesis_final_version_files/figure-latex/figure_lag-1.pdf, id=674, 578.16pt x 6
50.43pt>
File: thesis_final_version_files/figure-latex/figure_lag-1.pdf Graphic file (ty
pe pdf)
<use thesis_final_version_files/figure-latex/figure_lag-1.pdf>
Package pdftex.def Info: thesis_final_version_files/figure-latex/figure_lag-1.p
df  used on input line 1872.
(pdftex.def)             Requested size: 422.77669pt x 475.62378pt.
[46] [47 <./thesis_final_version_files/figure-latex/figure_marginal-1.pdf>] [48
 <./thesis_final_version_files/figure-latex/figure_lag-1.pdf>] [49]
Underfull \hbox (badness 10000) in paragraph at lines 1971--1973

 []


Overfull \hbox (17.0pt too wide) in paragraph at lines 1970--1974
[]$[]$ 
 []

[50] [51] [52]
<thesis_final_version_files/figure-latex/figure_sensitivity_analysis_temp-1.pdf
, id=727, 1084.05pt x 650.43pt>
File: thesis_final_version_files/figure-latex/figure_sensitivity_analysis_temp-
1.pdf Graphic file (type pdf)
<use thesis_final_version_files/figure-latex/figure_sensitivity_analysis_temp-1
.pdf>
Package pdftex.def Info: thesis_final_version_files/figure-latex/figure_sensiti
vity_analysis_temp-1.pdf  used on input line 2032.
(pdftex.def)             Requested size: 617.93147pt x 370.75887pt.

LaTeX Warning: Float too large for page by 6.20387pt on input line 2037.

<thesis_final_version_files/figure-latex/figure_sensitivity_analysis_sm-1.pdf, 
id=728, 1084.05pt x 650.43pt>
File: thesis_final_version_files/figure-latex/figure_sensitivity_analysis_sm-1.
pdf Graphic file (type pdf)
<use thesis_final_version_files/figure-latex/figure_sensitivity_analysis_sm-1.p
df>
Package pdftex.def Info: thesis_final_version_files/figure-latex/figure_sensiti
vity_analysis_sm-1.pdf  used on input line 2041.
(pdftex.def)             Requested size: 617.93147pt x 370.75887pt.

LaTeX Warning: Float too large for page by 6.20387pt on input line 2046.

<thesis_final_version_files/figure-latex/figure_sensitivity_analysis_cyclone-1.
pdf, id=729, 1084.05pt x 650.43pt>
File: thesis_final_version_files/figure-latex/figure_sensitivity_analysis_cyclo
ne-1.pdf Graphic file (type pdf)
<use thesis_final_version_files/figure-latex/figure_sensitivity_analysis_cyclon
e-1.pdf>
Package pdftex.def Info: thesis_final_version_files/figure-latex/figure_sensiti
vity_analysis_cyclone-1.pdf  used on input line 2050.
(pdftex.def)             Requested size: 617.93147pt x 370.75887pt.

LaTeX Warning: Float too large for page by 6.20387pt on input line 2055.

[53 <./thesis_final_version_files/figure-latex/figure_sensitivity_analysis_temp
-1.pdf>] [54 <./thesis_final_version_files/figure-latex/figure_sensitivity_anal
ysis_sm-1.pdf>] [55 <./thesis_final_version_files/figure-latex/figure_sensitivi
ty_analysis_cyclone-1.pdf>] [56


] [57] [58] [59] [60] [61] [62

] [63] [64] [65] [66] [67] [68] [69]
<table3_1.png, id=847, 542.025pt x 433.62pt>
File: table3_1.png Graphic file (type png)
<use table3_1.png>
Package pdftex.def Info: table3_1.png  used on input line 2556.
(pdftex.def)             Requested size: 469.77148pt x 375.81718pt.
[70 <./table3_1.png>] [71]
<thesis_final_version_files/figure-latex/figure_all_diseases-1.pdf, id=862, 433
.62pt x 325.215pt>
File: thesis_final_version_files/figure-latex/figure_all_diseases-1.pdf Graphic
 file (type pdf)
<use thesis_final_version_files/figure-latex/figure_all_diseases-1.pdf>
Package pdftex.def Info: thesis_final_version_files/figure-latex/figure_all_dis
eases-1.pdf  used on input line 2639.
(pdftex.def)             Requested size: 433.65202pt x 325.23901pt.
<thesis_final_version_files/figure-latex/figure_cits_outputs-1.pdf, id=864, 505
.89pt x 578.16pt>
File: thesis_final_version_files/figure-latex/figure_cits_outputs-1.pdf Graphic
 file (type pdf)
<use thesis_final_version_files/figure-latex/figure_cits_outputs-1.pdf>
Package pdftex.def Info: thesis_final_version_files/figure-latex/figure_cits_ou
tputs-1.pdf  used on input line 2666.
(pdftex.def)             Requested size: 446.27298pt x 510.02628pt.
[72] [73 <./thesis_final_version_files/figure-latex/figure_all_diseases-1.pdf>]
<thesis_final_version_files/figure-latex/figures_cits_data_anxiety-1.pdf, id=88
3, 325.215pt x 490.83376pt>
File: thesis_final_version_files/figure-latex/figures_cits_data_anxiety-1.pdf G
raphic file (type pdf)
<use thesis_final_version_files/figure-latex/figures_cits_data_anxiety-1.pdf>
Package pdftex.def Info: thesis_final_version_files/figure-latex/figures_cits_d
ata_anxiety-1.pdf  used on input line 2687.
(pdftex.def)             Requested size: 325.22412pt x 490.84752pt.
<thesis_final_version_files/figure-latex/figures_cits_data_depression-1.pdf, id
=884, 325.215pt x 490.83376pt>
File: thesis_final_version_files/figure-latex/figures_cits_data_depression-1.pd
f Graphic file (type pdf)
<use thesis_final_version_files/figure-latex/figures_cits_data_depression-1.pdf
>
Package pdftex.def Info: thesis_final_version_files/figure-latex/figures_cits_d
ata_depression-1.pdf  used on input line 2696.
(pdftex.def)             Requested size: 325.22412pt x 490.84752pt.
<thesis_final_version_files/figure-latex/figures_cits_data_mdd-1.pdf, id=885, 3
25.215pt x 490.83376pt>
File: thesis_final_version_files/figure-latex/figures_cits_data_mdd-1.pdf Graph
ic file (type pdf)
<use thesis_final_version_files/figure-latex/figures_cits_data_mdd-1.pdf>
Package pdftex.def Info: thesis_final_version_files/figure-latex/figures_cits_d
ata_mdd-1.pdf  used on input line 2705.
(pdftex.def)             Requested size: 325.22412pt x 490.84752pt.

LaTeX Warning: Float too large for page by 0.01756pt on input line 2710.

<thesis_final_version_files/figure-latex/fig_multiverse_analysis_all-1.pdf, id=
887, 542.025pt x 686.565pt>
File: thesis_final_version_files/figure-latex/fig_multiverse_analysis_all-1.pdf
 Graphic file (type pdf)
<use thesis_final_version_files/figure-latex/fig_multiverse_analysis_all-1.pdf>

Package pdftex.def Info: thesis_final_version_files/figure-latex/fig_multiverse
_analysis_all-1.pdf  used on input line 2725.
(pdftex.def)             Requested size: 446.28291pt x 565.29169pt.

LaTeX Warning: Float too large for page by 6.4617pt on input line 2730.

[74] [75 <./thesis_final_version_files/figure-latex/figure_cits_outputs-1.pdf>]
[76 <./thesis_final_version_files/figure-latex/figures_cits_data_anxiety-1.pdf>
] [77 <./thesis_final_version_files/figure-latex/figures_cits_data_depression-1
.pdf>] [78 <./thesis_final_version_files/figure-latex/figures_cits_data_mdd-1.p
df>] [79 <./thesis_final_version_files/figure-latex/fig_multiverse_analysis_all
-1.pdf>] [80]
<thesis_final_version_files/figure-latex/fig_multiverse_analysis-1.pdf, id=958,
 1445.4pt x 867.24pt>
File: thesis_final_version_files/figure-latex/fig_multiverse_analysis-1.pdf Gra
phic file (type pdf)
<use thesis_final_version_files/figure-latex/fig_multiverse_analysis-1.pdf>
Package pdftex.def Info: thesis_final_version_files/figure-latex/fig_multiverse
_analysis-1.pdf  used on input line 2783.
(pdftex.def)             Requested size: 643.91777pt x 386.35066pt.

LaTeX Warning: Float too large for page by 35.39568pt on input line 2788.

[81 <./thesis_final_version_files/figure-latex/fig_multiverse_analysis-1.pdf>]
<thesis_final_version_files/figure-latex/fig_international-1.pdf, id=971, 542.0
25pt x 469.755pt>
File: thesis_final_version_files/figure-latex/fig_international-1.pdf Graphic f
ile (type pdf)
<use thesis_final_version_files/figure-latex/fig_international-1.pdf>
Package pdftex.def Info: thesis_final_version_files/figure-latex/fig_internatio
nal-1.pdf  used on input line 2794.
(pdftex.def)             Requested size: 446.28291pt x 386.77853pt.
[82


 <./thesis_final_version_files/figure-latex/fig_international-1.pdf>]
<thesis_final_version_files/figure-latex/fig_political-1.pdf, id=979, 722.7pt x
 361.35pt>
File: thesis_final_version_files/figure-latex/fig_political-1.pdf Graphic file 
(type pdf)
<use thesis_final_version_files/figure-latex/fig_political-1.pdf>
Package pdftex.def Info: thesis_final_version_files/figure-latex/fig_political-
1.pdf  used on input line 2805.
(pdftex.def)             Requested size: 617.91492pt x 308.95746pt.
[83 <./thesis_final_version_files/figure-latex/fig_political-1.pdf>] [84


] [85] [86] [87] [88

] [89] [90]
Underfull \hbox (badness 10000) in paragraph at lines 3065--3070

 []


Underfull \hbox (badness 10000) in paragraph at lines 3071--3077

 []


Underfull \hbox (badness 10000) in paragraph at lines 3078--3085

 []


Underfull \hbox (badness 10000) in paragraph at lines 3086--3093

 []


Underfull \hbox (badness 10000) in paragraph at lines 3094--3101

 []


Underfull \hbox (badness 10000) in paragraph at lines 3102--3108

 []


Underfull \hbox (badness 10000) in paragraph at lines 3109--3115

 []


Underfull \hbox (badness 10000) in paragraph at lines 3116--3124

 []


Underfull \hbox (badness 10000) in paragraph at lines 3125--3132

 []

[91

]
Underfull \hbox (badness 10000) in paragraph at lines 3133--3140

 []


Underfull \hbox (badness 10000) in paragraph at lines 3141--3147

 []


Underfull \hbox (badness 10000) in paragraph at lines 3148--3155

 []


Underfull \hbox (badness 10000) in paragraph at lines 3156--3162

 []


Underfull \hbox (badness 10000) in paragraph at lines 3163--3169

 []


Underfull \hbox (badness 10000) in paragraph at lines 3170--3175

 []


Underfull \hbox (badness 10000) in paragraph at lines 3176--3182

 []


Underfull \hbox (badness 10000) in paragraph at lines 3183--3190

 []


Underfull \hbox (badness 10000) in paragraph at lines 3191--3195

 []

[92]
Underfull \hbox (badness 10000) in paragraph at lines 3196--3202

 []


Underfull \hbox (badness 10000) in paragraph at lines 3203--3209

 []


Underfull \hbox (badness 10000) in paragraph at lines 3210--3217

 []


Underfull \hbox (badness 10000) in paragraph at lines 3218--3223

 []


Underfull \hbox (badness 10000) in paragraph at lines 3224--3228

 []


Underfull \hbox (badness 10000) in paragraph at lines 3229--3235

 []


Underfull \hbox (badness 10000) in paragraph at lines 3236--3242

 []


Underfull \hbox (badness 10000) in paragraph at lines 3243--3249

 []


Underfull \hbox (badness 10000) in paragraph at lines 3250--3257

 []


Underfull \hbox (badness 10000) in paragraph at lines 3258--3264

 []

[93]
Underfull \hbox (badness 10000) in paragraph at lines 3265--3270

 []


Underfull \hbox (badness 10000) in paragraph at lines 3271--3277

 []


Underfull \hbox (badness 10000) in paragraph at lines 3278--3285

 []


Underfull \hbox (badness 10000) in paragraph at lines 3286--3291

 []


Underfull \hbox (badness 10000) in paragraph at lines 3292--3299

 []


Underfull \hbox (badness 10000) in paragraph at lines 3300--3306

 []


Underfull \hbox (badness 10000) in paragraph at lines 3307--3312

 []


Underfull \hbox (badness 10000) in paragraph at lines 3313--3321

 []


Underfull \hbox (badness 10000) in paragraph at lines 3322--3329

 []


Underfull \hbox (badness 10000) in paragraph at lines 3330--3336

 []

[94]
Underfull \hbox (badness 10000) in paragraph at lines 3337--3343

 []


Underfull \hbox (badness 10000) in paragraph at lines 3344--3350

 []


Underfull \hbox (badness 10000) in paragraph at lines 3351--3358

 []


Underfull \hbox (badness 10000) in paragraph at lines 3359--3364

 []


Underfull \hbox (badness 10000) in paragraph at lines 3365--3371

 []


Underfull \hbox (badness 10000) in paragraph at lines 3372--3379

 []


Underfull \hbox (badness 10000) in paragraph at lines 3380--3383

 []


Underfull \hbox (badness 10000) in paragraph at lines 3384--3390

 []


Underfull \hbox (badness 10000) in paragraph at lines 3391--3397

 []


Underfull \hbox (badness 10000) in paragraph at lines 3398--3405

 []

[95]
Underfull \hbox (badness 10000) in paragraph at lines 3406--3413

 []


Underfull \hbox (badness 10000) in paragraph at lines 3414--3419

 []


Underfull \hbox (badness 10000) in paragraph at lines 3420--3428

 []


Underfull \hbox (badness 10000) in paragraph at lines 3429--3435

 []


Underfull \hbox (badness 10000) in paragraph at lines 3436--3444

 []


Underfull \hbox (badness 10000) in paragraph at lines 3445--3450

 []


Underfull \hbox (badness 10000) in paragraph at lines 3451--3457

 []


Underfull \hbox (badness 10000) in paragraph at lines 3458--3465

 []

[96]
Underfull \hbox (badness 10000) in paragraph at lines 3466--3472

 []


Underfull \hbox (badness 10000) in paragraph at lines 3473--3478

 []


Underfull \hbox (badness 10000) in paragraph at lines 3479--3485

 []


Underfull \hbox (badness 10000) in paragraph at lines 3486--3492

 []


Underfull \hbox (badness 10000) in paragraph at lines 3493--3500

 []


Underfull \hbox (badness 10000) in paragraph at lines 3501--3508

 []


Underfull \hbox (badness 2512) in paragraph at lines 3515--3515
[]\T1/lmr/m/n/10.95 (+20) Stanke C, Kerac M, Prud-homme C, Med-lock J, Mur-ray 
V. []Health Ef-fects of
 []


Underfull \hbox (badness 10000) in paragraph at lines 3509--3516

 []


Underfull \hbox (badness 10000) in paragraph at lines 3517--3525

 []


Underfull \hbox (badness 10000) in paragraph at lines 3526--3533

 []

[97]
Underfull \hbox (badness 10000) in paragraph at lines 3534--3538

 []


Underfull \hbox (badness 10000) in paragraph at lines 3539--3546

 []


Underfull \hbox (badness 10000) in paragraph at lines 3547--3552

 []


Underfull \hbox (badness 10000) in paragraph at lines 3553--3558

 []


Underfull \hbox (badness 10000) in paragraph at lines 3559--3564

 []


Underfull \hbox (badness 10000) in paragraph at lines 3565--3570

 []


Underfull \hbox (badness 10000) in paragraph at lines 3571--3577

 []


Underfull \hbox (badness 10000) in paragraph at lines 3578--3583

 []


Underfull \hbox (badness 10000) in paragraph at lines 3584--3589

 []


Underfull \hbox (badness 10000) in paragraph at lines 3590--3594

 []

[98]
Underfull \hbox (badness 10000) in paragraph at lines 3595--3601

 []


Underfull \hbox (badness 10000) in paragraph at lines 3602--3606

 []


Underfull \hbox (badness 10000) in paragraph at lines 3607--3611

 []


Underfull \hbox (badness 10000) in paragraph at lines 3612--3618

 []


Underfull \hbox (badness 10000) in paragraph at lines 3619--3625

 []


Underfull \hbox (badness 10000) in paragraph at lines 3626--3630

 []


Underfull \hbox (badness 10000) in paragraph at lines 3631--3637

 []


Underfull \hbox (badness 10000) in paragraph at lines 3638--3642

 []


Underfull \hbox (badness 10000) in paragraph at lines 3643--3649

 []


Underfull \hbox (badness 10000) in paragraph at lines 3650--3656

 []

[99]
Underfull \hbox (badness 10000) in paragraph at lines 3657--3663

 []


Underfull \hbox (badness 10000) in paragraph at lines 3664--3669

 []


Underfull \hbox (badness 10000) in paragraph at lines 3670--3677

 []


Underfull \hbox (badness 10000) in paragraph at lines 3678--3684

 []


Underfull \hbox (badness 10000) in paragraph at lines 3685--3692

 []


Underfull \hbox (badness 10000) in paragraph at lines 3693--3699

 []


Underfull \hbox (badness 10000) in paragraph at lines 3700--3709

 []


Underfull \hbox (badness 10000) in paragraph at lines 3710--3716

 []

[100]
Underfull \hbox (badness 10000) in paragraph at lines 3717--3724

 []


Underfull \hbox (badness 10000) in paragraph at lines 3725--3731

 []


Underfull \hbox (badness 10000) in paragraph at lines 3732--3738

 []


Underfull \hbox (badness 10000) in paragraph at lines 3739--3747

 []


Underfull \hbox (badness 10000) in paragraph at lines 3748--3755

 []


Underfull \hbox (badness 10000) in paragraph at lines 3756--3762

 []


Underfull \hbox (badness 10000) in paragraph at lines 3763--3769

 []


Underfull \hbox (badness 10000) in paragraph at lines 3770--3776

 []


Underfull \hbox (badness 10000) in paragraph at lines 3777--3786

 []

[101]
Underfull \hbox (badness 10000) in paragraph at lines 3787--3794

 []


Underfull \hbox (badness 10000) in paragraph at lines 3795--3802

 []


Underfull \hbox (badness 10000) in paragraph at lines 3803--3811

 []


Underfull \hbox (badness 10000) in paragraph at lines 3812--3819

 []


Underfull \hbox (badness 10000) in paragraph at lines 3820--3827

 []


Underfull \hbox (badness 10000) in paragraph at lines 3828--3836

 []

[102]
Underfull \hbox (badness 10000) in paragraph at lines 3837--3843

 []


Underfull \hbox (badness 10000) in paragraph at lines 3844--3852

 []


Underfull \hbox (badness 10000) in paragraph at lines 3853--3859

 []


Underfull \hbox (badness 10000) in paragraph at lines 3860--3866

 []


Underfull \hbox (badness 10000) in paragraph at lines 3867--3875

 []


Underfull \hbox (badness 10000) in paragraph at lines 3876--3883

 []


Underfull \hbox (badness 10000) in paragraph at lines 3884--3890

 []


Underfull \hbox (badness 10000) in paragraph at lines 3891--3898

 []

[103]
Underfull \hbox (badness 10000) in paragraph at lines 3899--3906

 []


Underfull \hbox (badness 10000) in paragraph at lines 3907--3914

 []


Underfull \hbox (badness 10000) in paragraph at lines 3915--3923

 []


Underfull \hbox (badness 10000) in paragraph at lines 3924--3931

 []


Underfull \hbox (badness 10000) in paragraph at lines 3932--3939

 []


Underfull \hbox (badness 10000) in paragraph at lines 3940--3948

 []


Underfull \hbox (badness 10000) in paragraph at lines 3949--3956

 []

[104]
Underfull \hbox (badness 10000) in paragraph at lines 3957--3962

 []


Underfull \hbox (badness 10000) in paragraph at lines 3963--3970

 []


Underfull \hbox (badness 10000) in paragraph at lines 3971--3979

 []


Underfull \hbox (badness 10000) in paragraph at lines 3980--3987

 []


Underfull \hbox (badness 10000) in paragraph at lines 3988--3992

 []


Underfull \hbox (badness 10000) in paragraph at lines 3993--3998

 []


Underfull \hbox (badness 10000) in paragraph at lines 3999--4005

 []


Underfull \hbox (badness 10000) in paragraph at lines 4006--4012

 []


Underfull \hbox (badness 10000) in paragraph at lines 4013--4019

 []

[105]
Underfull \hbox (badness 10000) in paragraph at lines 4020--4026

 []


Underfull \hbox (badness 10000) in paragraph at lines 4027--4033

 []


Underfull \hbox (badness 10000) in paragraph at lines 4034--4041

 []


Underfull \hbox (badness 10000) in paragraph at lines 4042--4049

 []


Underfull \hbox (badness 10000) in paragraph at lines 4050--4054

 []


Underfull \hbox (badness 10000) in paragraph at lines 4055--4061

 []


Underfull \hbox (badness 10000) in paragraph at lines 4062--4068

 []


Underfull \hbox (badness 10000) in paragraph at lines 4069--4075

 []


Underfull \hbox (badness 10000) in paragraph at lines 4076--4083

 []

[106]
Underfull \hbox (badness 10000) in paragraph at lines 4084--4089

 []


Underfull \hbox (badness 10000) in paragraph at lines 4090--4095

 []


Underfull \hbox (badness 10000) in paragraph at lines 4096--4101

 []


Underfull \hbox (badness 10000) in paragraph at lines 4102--4109

 []


Underfull \hbox (badness 10000) in paragraph at lines 4110--4116

 []


Underfull \hbox (badness 10000) in paragraph at lines 4117--4122

 []


Underfull \hbox (badness 10000) in paragraph at lines 4123--4129

 []


Underfull \hbox (badness 10000) in paragraph at lines 4130--4135

 []


Underfull \hbox (badness 10000) in paragraph at lines 4136--4142

 []

[107]
<table_s_1_1.png, id=1462, 505.89pt x 289.08pt>
File: table_s_1_1.png Graphic file (type png)
<use table_s_1_1.png>
Package pdftex.def Info: table_s_1_1.png  used on input line 4160.
(pdftex.def)             Requested size: 469.76265pt x 268.43579pt.
[108

 <./table_s_1_1.png>]
<table_s_1_2.png, id=1468, 505.89pt x 289.08pt>
File: table_s_1_2.png Graphic file (type png)
<use table_s_1_2.png>
Package pdftex.def Info: table_s_1_2.png  used on input line 4167.
(pdftex.def)             Requested size: 469.76265pt x 268.43579pt.
[109 <./table_s_1_2.png>]
<table_s_1_3.png, id=1474, 542.025pt x 722.7pt>
File: table_s_1_3.png Graphic file (type png)
<use table_s_1_3.png>
Package pdftex.def Info: table_s_1_3.png  used on input line 4174.
(pdftex.def)             Requested size: 473.18726pt x 630.91634pt.

Overfull \hbox (3.43224pt too wide) in paragraph at lines 4174--4175
 [][] 
 []

[110 <./table_s_1_3.png>]
<table_s_1_4.png, id=1480, 722.7pt x 542.025pt>
File: table_s_1_4.png Graphic file (type png)
<use table_s_1_4.png>
Package pdftex.def Info: table_s_1_4.png  used on input line 4180.
(pdftex.def)             Requested size: 607.57112pt x 455.67833pt.
[111

 <./table_s_1_4.png>]
<table_s_1_5.png, id=1487, 722.7pt x 542.025pt>
File: table_s_1_5.png Graphic file (type png)
<use table_s_1_5.png>
Package pdftex.def Info: table_s_1_5.png  used on input line 4187.
(pdftex.def)             Requested size: 607.57112pt x 455.67833pt.
[112 <./table_s_1_5.png>]
<table_s_1_6.png, id=1493, 722.7pt x 542.025pt>
File: table_s_1_6.png Graphic file (type png)
<use table_s_1_6.png>
Package pdftex.def Info: table_s_1_6.png  used on input line 4195.
(pdftex.def)             Requested size: 607.57112pt x 455.67833pt.
[113 <./table_s_1_6.png>]
<table_s_1_7.png, id=1499, 505.89pt x 361.35pt>
File: table_s_1_7.png Graphic file (type png)
<use table_s_1_7.png>
Package pdftex.def Info: table_s_1_7.png  used on input line 4205.
(pdftex.def)             Requested size: 469.76265pt x 335.54477pt.
[114

 <./table_s_1_7.png>]
<table_s_1_8a.png, id=1505, 722.7pt x 542.025pt>
File: table_s_1_8a.png Graphic file (type png)
<use table_s_1_8a.png>
Package pdftex.def Info: table_s_1_8a.png  used on input line 4213.
(pdftex.def)             Requested size: 607.57112pt x 455.67833pt.
<table_s_1_8b.png, id=1506, 722.7pt x 542.025pt>
File: table_s_1_8b.png Graphic file (type png)
<use table_s_1_8b.png>
Package pdftex.def Info: table_s_1_8b.png  used on input line 4214.
(pdftex.def)             Requested size: 607.57112pt x 455.67833pt.
<table_s_1_8c.png, id=1507, 722.7pt x 542.025pt>
File: table_s_1_8c.png Graphic file (type png)
<use table_s_1_8c.png>
Package pdftex.def Info: table_s_1_8c.png  used on input line 4215.
(pdftex.def)             Requested size: 607.57112pt x 455.67833pt.
<table_s_1_8d.png, id=1508, 722.7pt x 542.025pt>
File: table_s_1_8d.png Graphic file (type png)
<use table_s_1_8d.png>
Package pdftex.def Info: table_s_1_8d.png  used on input line 4216.
(pdftex.def)             Requested size: 607.57112pt x 455.67833pt.
<table_s_1_8e.png, id=1509, 722.7pt x 542.025pt>
File: table_s_1_8e.png Graphic file (type png)
<use table_s_1_8e.png>
Package pdftex.def Info: table_s_1_8e.png  used on input line 4217.
(pdftex.def)             Requested size: 607.57112pt x 455.67833pt.
<table_s_1_8f.png, id=1510, 722.7pt x 542.025pt>
File: table_s_1_8f.png Graphic file (type png)
<use table_s_1_8f.png>
Package pdftex.def Info: table_s_1_8f.png  used on input line 4218.
(pdftex.def)             Requested size: 607.57112pt x 455.67833pt.
[115

 <./table_s_1_8a.png>] [116 <./table_s_1_8b.png>] [117 <./table_s_1_8c.png>] [1
18 <./table_s_1_8d.png>] [119 <./table_s_1_8e.png>] [120 <./table_s_1_8f.png>]
<table_s_2_1.png, id=1542, 542.025pt x 289.08pt>
File: table_s_2_1.png Graphic file (type png)
<use table_s_2_1.png>
Package pdftex.def Info: table_s_2_1.png  used on input line 4266.
(pdftex.def)             Requested size: 469.77148pt x 250.54478pt.
[121

] [122 <./table_s_2_1.png>]
<table_s_2_2.png, id=1552, 469.755pt x 650.43pt>
File: table_s_2_2.png Graphic file (type png)
<use table_s_2_2.png>
Package pdftex.def Info: table_s_2_2.png  used on input line 4281.
(pdftex.def)             Requested size: 455.6618pt x 630.91634pt.

Overfull \hbox (2.90678pt too wide) in paragraph at lines 4281--4282
[][] 
 []

[123 <./table_s_2_2.png>]
<table_s_2_3.png, id=1559, 469.755pt x 144.54pt>
File: table_s_2_3.png Graphic file (type png)
<use table_s_2_3.png>
Package pdftex.def Info: table_s_2_3.png  used on input line 4310.
(pdftex.def)             Requested size: 455.6618pt x 140.20361pt.

Overfull \hbox (2.90678pt too wide) in paragraph at lines 4310--4311
[][] 
 []

<table_s_2_4.png, id=1560, 469.755pt x 144.54pt>
File: table_s_2_4.png Graphic file (type png)
<use table_s_2_4.png>
Package pdftex.def Info: table_s_2_4.png  used on input line 4315.
(pdftex.def)             Requested size: 455.6618pt x 140.20361pt.

Overfull \hbox (2.90678pt too wide) in paragraph at lines 4315--4316
[][] 
 []

[124 <./table_s_2_3.png> <./table_s_2_4.png>]
<table_s_2_5a.png, id=1567, 469.755pt x 650.43pt>
File: table_s_2_5a.png Graphic file (type png)
<use table_s_2_5a.png>
Package pdftex.def Info: table_s_2_5a.png  used on input line 4322.
(pdftex.def)             Requested size: 455.6618pt x 630.91634pt.
<table_s_2_5b.png, id=1568, 469.755pt x 650.43pt>
File: table_s_2_5b.png Graphic file (type png)
<use table_s_2_5b.png>
Package pdftex.def Info: table_s_2_5b.png  used on input line 4323.
(pdftex.def)             Requested size: 455.6618pt x 630.91634pt.

Overfull \hbox (2.90678pt too wide) in paragraph at lines 4322--4324
[][]
 []

[125 <./table_s_2_5a.png>] [126 <./table_s_2_5b.png>] [127] [128] [129]
<table_s_2_6.png, id=1594, 469.755pt x 72.27pt>
File: table_s_2_6.png Graphic file (type png)
<use table_s_2_6.png>
Package pdftex.def Info: table_s_2_6.png  used on input line 4481.
(pdftex.def)             Requested size: 455.6618pt x 70.10179pt.

Overfull \hbox (2.90678pt too wide) in paragraph at lines 4481--4482
[][] 
 []

<table_s_2_7.png, id=1595, 469.755pt x 361.35pt>
File: table_s_2_7.png Graphic file (type png)
<use table_s_2_7.png>
Package pdftex.def Info: table_s_2_7.png  used on input line 4488.
(pdftex.def)             Requested size: 455.6618pt x 350.50908pt.

Overfull \hbox (2.90678pt too wide) in paragraph at lines 4488--4489
[][] 
 []

[130 <./table_s_2_6.png>]
<table_s_2_8.png, id=1601, 469.755pt x 650.43pt>
File: table_s_2_8.png Graphic file (type png)
<use table_s_2_8.png>
Package pdftex.def Info: table_s_2_8.png  used on input line 4494.
(pdftex.def)             Requested size: 455.69765pt x 630.96596pt.

Overfull \hbox (2.94263pt too wide) in paragraph at lines 4494--4495
[][] 
 []

[131 <./table_s_2_7.png>]
<table_s_2_9a.png, id=1607, 469.755pt x 722.7pt>
File: table_s_2_9a.png Graphic file (type png)
<use table_s_2_9a.png>
Package pdftex.def Info: table_s_2_9a.png  used on input line 4500.
(pdftex.def)             Requested size: 422.78276pt x 650.43501pt.
[132 <./table_s_2_8.png>] [133 <./table_s_2_9a.png>]
<table_s_2_9b.png, id=1618, 469.755pt x 650.43pt>
File: table_s_2_9b.png Graphic file (type png)
<use table_s_2_9b.png>
Package pdftex.def Info: table_s_2_9b.png  used on input line 4504.
(pdftex.def)             Requested size: 455.6618pt x 630.91634pt.

Overfull \hbox (2.90678pt too wide) in paragraph at lines 4504--4505
[][] 
 []

[134 <./table_s_2_9b.png>] [135] [136] [137] [138] [139] [140]
<thesis_final_version_files/figure-latex/figure_communes_fokontany-1.pdf, id=16
51, 650.43pt x 614.295pt>
File: thesis_final_version_files/figure-latex/figure_communes_fokontany-1.pdf G
raphic file (type pdf)
<use thesis_final_version_files/figure-latex/figure_communes_fokontany-1.pdf>
Package pdftex.def Info: thesis_final_version_files/figure-latex/figure_commune
s_fokontany-1.pdf  used on input line 4754.
(pdftex.def)             Requested size: 446.27629pt x 421.48315pt.
[141] [142 <./thesis_final_version_files/figure-latex/figure_communes_fokontany
-1.pdf>] [143] [144] [145] [146] (thesis_final_version.aux) )
(\end occurred inside a group at level 1)

### semi simple group (level 1) entered at line 69 (\begingroup)
### bottom level 
Here is how much of TeX's memory you used:
 18168 strings out of 476374
 314821 string characters out of 5788854
 1880340 words of memory out of 5000000
 37479 multiletter control sequences out of 15000+600000
 561371 words of font info for 170 fonts, out of 8000000 for 9000
 1141 hyphenation exceptions out of 8191
 89i,10n,90p,1758b,11126s stack positions out of 10000i,1000n,20000p,200000b,200000s
{C:/Users/danie/AppData/Local/Programs/MiKTeX/fonts/enc/dvips/l
m/lm-mathsy.enc}{C:/Users/danie/AppData/Local/Programs/MiKTeX/fonts/enc/dvips/l
m/lm-ec.enc}{C:/Users/danie/AppData/Local/Programs/MiKTeX/fonts/enc/dvips/lm/lm
-rm.enc}{C:/Users/danie/AppData/Local/Programs/MiKTeX/fonts/enc/dvips/lm/lm-mat
hit.enc}{C:/Users/danie/AppData/Local/Programs/MiKTeX/fonts/enc/dvips/lm/lm-ts1
.enc}<C:/Users/danie/AppData/Local/Programs/MiKTeX/fonts/type1/public/lm/lmbx10
.pfb><C:/Users/danie/AppData/Local/Programs/MiKTeX/fonts/type1/public/lm/lmbx12
.pfb><C:/Users/danie/AppData/Local/Programs/MiKTeX/fonts/type1/public/lm/lmmi10
.pfb><C:/Users/danie/AppData/Local/Programs/MiKTeX/fonts/type1/public/lm/lmmi8.
pfb><C:/Users/danie/AppData/Local/Programs/MiKTeX/fonts/type1/public/lm/lmr10.p
fb><C:/Users/danie/AppData/Local/Programs/MiKTeX/fonts/type1/public/lm/lmr12.pf
b><C:/Users/danie/AppData/Local/Programs/MiKTeX/fonts/type1/public/lm/lmr8.pfb>
<C:/Users/danie/AppData/Local/Programs/MiKTeX/fonts/type1/public/lm/lmri10.pfb>
<C:/Users/danie/AppData/Local/Programs/MiKTeX/fonts/type1/public/lm/lmsy10.pfb>
<C:/Users/danie/AppData/Local/Programs/MiKTeX/fonts/type1/public/lm/lmsy6.pfb>
Output written on thesis_final_version.pdf (162 pages, 92414784 bytes).
PDF statistics:
 2022 PDF objects out of 2073 (max. 8388607)
 528 named destinations out of 1000 (max. 500000)
 25311 words of extra memory for PDF output out of 29859 (max. 10000000)

